<?xml version="1.0" encoding="UTF-8"?>
<testsuite xmlns:xsi="http://www.w3.org/2001/XMLSchema-instance" xsi:noNamespaceSchemaLocation="https://maven.apache.org/surefire/maven-surefire-plugin/xsd/surefire-test-report-3.0.xsd" version="3.0" name="com.automation.Runner.TestRunner" time="1.153" tests="1" errors="1" skipped="0" failures="0">
  <properties>
[...]
</properties>
  <testcase name="Verify user can place an order" classname="Verify scenario of website" time="0.201">
    <error message="Cannot invoke &quot;java.util.Properties.getProperty(String)&quot; because &quot;com.automation.utils.ConfigReader.prop&quot; is null" type="java.lang.NullPointerException"><![CDATA[java.lang.NullPointerException: Cannot invoke "java.util.Properties.getProperty(String)" because "com.automation.utils.ConfigReader.prop" is null
	at com.automation.utils.ConfigReader.getConfigValue(ConfigReader.java:21)
	at com.automation.pages.LoginPage.openWebsite(LoginPage.java:20)
	at com.automation.steps.LoginSteps.user_open_website(LoginSteps.java:14)
	at ✽.user open website(file:///C:/Users/leet3/IdeaProjects/Cucumber_Mock/src/test/resources/features/MockTest.feature:5)
]]></error>
    <system-out><![CDATA[
Scenario: Verify user can place an order  &amp#27;[90m# src/test/resources/features/MockTest.feature:4&amp#27;[0m
  &amp#27;[31mGiven &amp#27;[0m&amp#27;[31muser open website&amp#27;[0m                 &amp#27;[90m# com.automation.steps.LoginSteps.user_open_website()&amp#27;[0m
      &amp#27;[31mjava.lang.NullPointerException: Cannot invoke "java.util.Properties.getProperty(String)" because "com.automation.utils.ConfigReader.prop" is null
	at com.automation.utils.ConfigReader.getConfigValue(ConfigReader.java:21)
	at com.automation.pages.LoginPage.openWebsite(LoginPage.java:20)
	at com.automation.steps.LoginSteps.user_open_website(LoginSteps.java:14)
	at ✽.user open website(file:///C:/Users/leet3/IdeaProjects/Cucumber_Mock/src/test/resources/features/MockTest.feature:5)
&amp#27;[0m
  &amp#27;[36mThen &amp#27;[0m&amp#27;[36mverify login page is displayed&amp#27;[0m     &amp#27;[90m# com.automation.steps.LoginSteps.verify_login_page_is_displayed()&amp#27;[0m
  &amp#27;[36mWhen &amp#27;[0m&amp#27;[36muser enters login credentials&amp#27;[0m      &amp#27;[90m# com.automation.steps.LoginSteps.user_enters_login_credentials()&amp#27;[0m
  &amp#27;[36mThen &amp#27;[0m&amp#27;[36mverify user is on home page&amp#27;[0m        &amp#27;[90m# com.automation.steps.HomeSteps.verify_user_is_on_home_page()&amp#27;[0m
  &amp#27;[36mWhen &amp#27;[0m&amp#27;[36muser adds 4 distinct items to cart&amp#27;[0m &amp#27;[90m# com.automation.steps.HomeSteps.user_adds_4_distinct_items_to_cart()&amp#27;[0m
  &amp#27;[36mThen &amp#27;[0m&amp#27;[36mverify total cart quantity&amp#27;[0m         &amp#27;[90m# com.automation.steps.HomeSteps.verify_total_cart_quantity()&amp#27;[0m
  &amp#27;[36mWhen &amp#27;[0m&amp#27;[36muser clicks on cart icon&amp#27;[0m           &amp#27;[90m# com.automation.steps.HomeSteps.user_clicks_on_cart_icon()&amp#27;[0m
  &amp#27;[36mThen &amp#27;[0m&amp#27;[36mverify cart page is displayed&amp#27;[0m      &amp#27;[90m# com.automation.steps.CartSteps.verify_cart_page_is_displayed()&amp#27;[0m
  &amp#27;[36mWhen &amp#27;[0m&amp#27;[36muser clicks checkout button&amp#27;[0m        &amp#27;[90m# com.automation.steps.CartSteps.user_clicks_checkout_button()&amp#27;[0m
  &amp#27;[36mThen &amp#27;[0m&amp#27;[36mverify address page is displayed&amp#27;[0m   &amp#27;[90m# com.automation.steps.AddressSteps.verify_cart_page_is_displayed()&amp#27;[0m
  &amp#27;[36mWhen &amp#27;[0m&amp#27;[36muser enters his details&amp#27;[0m            &amp#27;[90m# com.automation.steps.AddressSteps.user_enters_his_details()&amp#27;[0m
  &amp#27;[36mThen &amp#27;[0m&amp#27;[36muser clicks continue button&amp#27;[0m        &amp#27;[90m# com.automation.steps.AddressSteps.user_clicks_continue_button()&amp#27;[0m
  &amp#27;[36mThen &amp#27;[0m&amp#27;[36mverify finish page is displayed&amp#27;[0m    &amp#27;[90m# com.automation.steps.finishSteps.verify_cart_page_is_displayed()&amp#27;[0m
  &amp#27;[36mWhen &amp#27;[0m&amp#27;[36muser clicks finish button&amp#27;[0m          &amp#27;[90m# com.automation.steps.finishSteps.user_clicks_checkout_button()&amp#27;[0m
  &amp#27;[36mThen &amp#27;[0m&amp#27;[36mverify success message&amp#27;[0m             &amp#27;[90m# com.automation.steps.SuccessStep.verify_success_message()&amp#27;[0m
]]></system-out>
    <system-err><![CDATA[SLF4J(W): No SLF4J providers were found.
SLF4J(W): Defaulting to no-operation (NOP) logger implementation
SLF4J(W): See https://www.slf4j.org/codes.html#noProviders for further details.
]]></system-err>
  </testcase>
</testsuite>